<?xml version="1.0" encoding="UTF-8"?>
<testng-results skipped="0" failed="0" ignored="0" total="1" passed="1">
  <reporter-output>
  </reporter-output>
  <suite name="Default suite" duration-ms="118" started-at="2019-05-08T09:30:03Z" finished-at="2019-05-08T09:30:03Z">
    <groups>
    </groups>
    <test name="Default test" duration-ms="118" started-at="2019-05-08T09:30:03Z" finished-at="2019-05-08T09:30:03Z">
      <class name="Jenkins.simple">
        <test-method status="PASS" signature="welcome()[pri:0, instance:Jenkins.simple@3a8624]" name="welcome" duration-ms="18" started-at="2019-05-08T09:30:03Z" finished-at="2019-05-08T09:30:03Z">
          <reporter-output>
          </reporter-output>
        </test-method> <!-- welcome -->
      </class> <!-- Jenkins.simple -->
    </test> <!-- Default test -->
  </suite> <!-- Default suite -->
</testng-results>
